current directory: D:/Guido/dashboardruby/lewagon-loquence/vendor/bundle/ruby/2.7.0/gems/debug_inspector-1.2.0/ext/debug_inspector
C:/Ruby27-x64/bin/ruby.exe -I C:/Ruby27-x64/lib/ruby/2.7.0 -r ./siteconf20250824-7436-190j4i.rb extconf.rb
creating Makefile

current directory: D:/Guido/dashboardruby/lewagon-loquence/vendor/bundle/ruby/2.7.0/gems/debug_inspector-1.2.0/ext/debug_inspector
make "DESTDIR=" clean

current directory: D:/Guido/dashboardruby/lewagon-loquence/vendor/bundle/ruby/2.7.0/gems/debug_inspector-1.2.0/ext/debug_inspector
make "DESTDIR="
generating debug_inspector-x64-mingw32.def
compiling debug_inspector.c
debug_inspector.c: In function 'Init_debug_inspector':
debug_inspector.c:110:57: error: passing argument 3 of 'rb_define_singleton_method' from incompatible pointer type [-Wincompatible-pointer-types]
  110 |     rb_define_singleton_method(cDebugInspector, "open", di_open_s, 0);
      |                                                         ^~~~~~~~~
      |                                                         |
      |                                                         VALUE (*)(VALUE) {aka long long unsigned int (*)(long long unsigned int)}
In file included from C:/Ruby27-x64/include/ruby-2.7.0/ruby/ruby.h:2150,
                 from debug_inspector.c:12:
C:/Ruby27-x64/include/ruby-2.7.0/ruby/intern.h:239:53: note: expected 'VALUE (*)(void)' {aka 'long long unsigned int (*)(void)'} but argument is of type 'VALUE (*)(VALUE)' {aka 'long long unsigned int (*)(long long unsigned int)'}
  239 | void rb_define_singleton_method(VALUE, const char*, VALUE(*)(ANYARGS), int);
      |                                                     ^~~~~~~~~~~~~~~~~
debug_inspector.c:98:1: note: 'di_open_s' declared here
   98 | di_open_s(VALUE klass)
      | ^~~~~~~~~
debug_inspector.c:111:62: error: passing argument 3 of 'rb_define_method' from incompatible pointer type [-Wincompatible-pointer-types]
  111 |     rb_define_method(cDebugInspector, "backtrace_locations", di_backtrace_locations, 0);
      |                                                              ^~~~~~~~~~~~~~~~~~~~~~
      |                                                              |
      |                                                              VALUE (*)(VALUE) {aka long long unsigned int (*)(long long unsigned int)}
C:/Ruby27-x64/include/ruby-2.7.0/ruby/ruby.h:1807:41: note: expected 'VALUE (*)(void)' {aka 'long long unsigned int (*)(void)'} but argument is of type 'VALUE (*)(VALUE)' {aka 'long long unsigned int (*)(long long unsigned int)'}
 1807 | void rb_define_method(VALUE,const char*,VALUE(*)(ANYARGS),int);
      |                                         ^~~~~~~~~~~~~~~~~
debug_inspector.c:38:1: note: 'di_backtrace_locations' declared here
   38 | di_backtrace_locations(VALUE self)
      | ^~~~~~~~~~~~~~~~~~~~~~
debug_inspector.c:112:56: error: passing argument 3 of 'rb_define_method' from incompatible pointer type [-Wincompatible-pointer-types]
  112 |     rb_define_method(cDebugInspector, "frame_binding", di_binding, 1);
      |                                                        ^~~~~~~~~~
      |                                                        |
      |                                                        VALUE (*)(VALUE,  VALUE) {aka long long unsigned int (*)(long long unsigned int,  long long unsigned int)}
C:/Ruby27-x64/include/ruby-2.7.0/ruby/ruby.h:1807:41: note: expected 'VALUE (*)(void)' {aka 'long long unsigned int (*)(void)'} but argument is of type 'VALUE (*)(VALUE,  VALUE)' {aka 'long long unsigned int (*)(long long unsigned int,  long long unsigned int)'}
 1807 | void rb_define_method(VALUE,const char*,VALUE(*)(ANYARGS),int);
      |                                         ^~~~~~~~~~~~~~~~~
debug_inspector.c:45:1: note: 'di_binding' declared here
   45 | di_binding(VALUE self, VALUE index)
      | ^~~~~~~~~~
debug_inspector.c:113:54: error: passing argument 3 of 'rb_define_method' from incompatible pointer type [-Wincompatible-pointer-types]
  113 |     rb_define_method(cDebugInspector, "frame_class", di_frame_class, 1);
      |                                                      ^~~~~~~~~~~~~~
      |                                                      |
      |                                                      VALUE (*)(VALUE,  VALUE) {aka long long unsigned int (*)(long long unsigned int,  long long unsigned int)}
C:/Ruby27-x64/include/ruby-2.7.0/ruby/ruby.h:1807:41: note: expected 'VALUE (*)(void)' {aka 'long long unsigned int (*)(void)'} but argument is of type 'VALUE (*)(VALUE,  VALUE)' {aka 'long long unsigned int (*)(long long unsigned int,  long long unsigned int)'}
 1807 | void rb_define_method(VALUE,const char*,VALUE(*)(ANYARGS),int);
      |                                         ^~~~~~~~~~~~~~~~~
debug_inspector.c:52:1: note: 'di_frame_class' declared here
   52 | di_frame_class(VALUE self, VALUE index)
      | ^~~~~~~~~~~~~~
debug_inspector.c:114:53: error: passing argument 3 of 'rb_define_method' from incompatible pointer type [-Wincompatible-pointer-types]
  114 |     rb_define_method(cDebugInspector, "frame_iseq", di_frame_iseq, 1);
      |                                                     ^~~~~~~~~~~~~
      |                                                     |
      |                                                     VALUE (*)(VALUE,  VALUE) {aka long long unsigned int (*)(long long unsigned int,  long long unsigned int)}
C:/Ruby27-x64/include/ruby-2.7.0/ruby/ruby.h:1807:41: note: expected 'VALUE (*)(void)' {aka 'long long unsigned int (*)(void)'} but argument is of type 'VALUE (*)(VALUE,  VALUE)' {aka 'long long unsigned int (*)(long long unsigned int,  long long unsigned int)'}
 1807 | void rb_define_method(VALUE,const char*,VALUE(*)(ANYARGS),int);
      |                                         ^~~~~~~~~~~~~~~~~
debug_inspector.c:59:1: note: 'di_frame_iseq' declared here
   59 | di_frame_iseq(VALUE self, VALUE index)
      | ^~~~~~~~~~~~~
debug_inspector.c:115:53: error: passing argument 3 of 'rb_define_method' from incompatible pointer type [-Wincompatible-pointer-types]
  115 |     rb_define_method(cDebugInspector, "frame_self", di_frame_self, 1);
      |                                                     ^~~~~~~~~~~~~
      |                                                     |
      |                                                     VALUE (*)(VALUE,  VALUE) {aka long long unsigned int (*)(long long unsigned int,  long long unsigned int)}
C:/Ruby27-x64/include/ruby-2.7.0/ruby/ruby.h:1807:41: note: expected 'VALUE (*)(void)' {aka 'long long unsigned int (*)(void)'} but argument is of type 'VALUE (*)(VALUE,  VALUE)' {aka 'long long unsigned int (*)(long long unsigned int,  long long unsigned int)'}
 1807 | void rb_define_method(VALUE,const char*,VALUE(*)(ANYARGS),int);
      |                                         ^~~~~~~~~~~~~~~~~
debug_inspector.c:66:1: note: 'di_frame_self' declared here
   66 | di_frame_self(VALUE self, VALUE index)
      | ^~~~~~~~~~~~~
make: *** [Makefile:246: debug_inspector.o] Error 1

make failed, exit code 2
